<?xml version="1.0" encoding="UTF-8"?>
<!-- Generated by org.testng.reporters.JUnitReportReporter -->
<testsuite hostname="DESKTOP-RTGTF08" failures="0" tests="2" name="staticWebDriver.TestTwoWithStaticWebDriver" time="38.889" errors="0" timestamp="2021-11-24T17:15:51 IST" skipped="0">
  <testcase classname="staticWebDriver.TestTwoWithStaticWebDriver" name="MyntraTest" time="19.146"/>
  <system-out/>
  <testcase classname="staticWebDriver.TestTwoWithStaticWebDriver" name="FlipkartTest" time="19.743"/>
  <system-out/>
</testsuite> <!-- staticWebDriver.TestTwoWithStaticWebDriver -->
