<?xml version="1.0" encoding="UTF-8"?>
<!-- Generated by org.testng.reporters.JUnitReportReporter -->
<testsuite hostname="DESKTOP-RTGTF08" failures="0" tests="1" name="com.qa.opencart.factory.MainClass" time="0.011" errors="0" timestamp="2021-11-24T15:34:12 IST" skipped="0">
  <testcase classname="com.qa.opencart.factory.MainClass" name="test" time="0.011"/>
  <system-out/>
</testsuite> <!-- com.qa.opencart.factory.MainClass -->
