<?xml version="1.0" encoding="UTF-8"?>
<!-- Generated by org.testng.reporters.JUnitReportReporter -->
<testsuite hostname="DESKTOP-RTGTF08" failures="0" tests="4" name="com.qa.opencart.test.LoginPageTest" time="2.967" errors="0" timestamp="2021-11-24T14:56:31 IST" skipped="0">
  <testcase classname="com.qa.opencart.test.LoginPageTest" name="loginPageTitleTest" time="0.018"/>
  <system-out/>
  <testcase classname="com.qa.opencart.test.LoginPageTest" name="forgottentPwdLinkTest" time="0.109"/>
  <system-out/>
  <testcase classname="com.qa.opencart.test.LoginPageTest" name="loginLinkTest" time="0.049"/>
  <system-out/>
  <testcase classname="com.qa.opencart.test.LoginPageTest" name="LoginAppTest" time="2.791"/>
  <system-out/>
</testsuite> <!-- com.qa.opencart.test.LoginPageTest -->
