<?xml version="1.0" encoding="UTF-8"?>
<!-- Generated by org.testng.reporters.JUnitReportReporter -->
<testsuite hostname="DESKTOP-RTGTF08" failures="0" tests="7" name="com.qa.opencart.test.AccountsPageTest" time="6.359" errors="0" timestamp="2021-11-24T19:57:48 IST" skipped="0">
  <testcase classname="com.qa.opencart.test.AccountsPageTest" name="accountsPageList" time="1.195"/>
  <system-out/>
  <testcase classname="com.qa.opencart.test.AccountsPageTest" name="accountPageUrlTest" time="0.019"/>
  <system-out/>
  <testcase classname="com.qa.opencart.test.AccountsPageTest" name="accountPageHeadersTest" time="0.136"/>
  <system-out/>
  <testcase classname="com.qa.opencart.test.AccountsPageTest" name="accountsPageFootersTest" time="0.179"/>
  <system-out/>
  <testcase classname="com.qa.opencart.test.AccountsPageTest" name="logOutTest" time="0.236"/>
  <system-out/>
  <testcase classname="com.qa.opencart.test.AccountsPageTest" name="selectProductTest" time="4.454"/>
  <system-out/>
  <testcase classname="com.qa.opencart.test.AccountsPageTest" name="checkProductBrand" time="0.140"/>
  <system-out/>
</testsuite> <!-- com.qa.opencart.test.AccountsPageTest -->
