<?xml version="1.0" encoding="UTF-8"?>
<!-- Generated by org.testng.reporters.JUnitReportReporter -->
<testsuite skipped="0" hostname="DESKTOP-RTGTF08" name="com.qa.opencart.test.AccountsPageTest" tests="7" failures="0" timestamp="24 Nov 2021 14:41:36 GMT" time="6.923" errors="0">
  <testcase name="accountPageUrlTest" time="0.024" classname="com.qa.opencart.test.AccountsPageTest"/>
  <testcase name="accountsPageList" time="1.225" classname="com.qa.opencart.test.AccountsPageTest"/>
  <testcase name="accountPageHeadersTest" time="0.147" classname="com.qa.opencart.test.AccountsPageTest"/>
  <testcase name="accountsPageFootersTest" time="0.181" classname="com.qa.opencart.test.AccountsPageTest"/>
  <testcase name="logOutTest" time="0.283" classname="com.qa.opencart.test.AccountsPageTest"/>
  <testcase name="selectProductTest" time="4.730" classname="com.qa.opencart.test.AccountsPageTest"/>
  <testcase name="checkProductBrand" time="0.333" classname="com.qa.opencart.test.AccountsPageTest"/>
</testsuite> <!-- com.qa.opencart.test.AccountsPageTest -->
