<?xml version="1.0" encoding="UTF-8"?>
<!-- Generated by org.testng.reporters.JUnitReportReporter -->
<testsuite skipped="0" hostname="DESKTOP-RTGTF08" name="com.qa.opencart.test.LoginPageTest" tests="4" failures="0" timestamp="24 Nov 2021 14:41:36 GMT" time="3.529" errors="0">
  <testcase name="loginPageTitleTest" time="0.029" classname="com.qa.opencart.test.LoginPageTest"/>
  <testcase name="forgottentPwdLinkTest" time="0.213" classname="com.qa.opencart.test.LoginPageTest"/>
  <testcase name="loginLinkTest" time="0.068" classname="com.qa.opencart.test.LoginPageTest"/>
  <testcase name="LoginAppTest" time="3.219" classname="com.qa.opencart.test.LoginPageTest"/>
</testsuite> <!-- com.qa.opencart.test.LoginPageTest -->
